<?xml version="1.0" encoding="UTF-8"?>
<!-- Generated by org.testng.reporters.JUnitReportReporter -->
<testsuite skipped="1" hostname="DDC5-D-35KHH92" name="com.calculator.demo.Scrolling_2" tests="2" failures="0" timestamp="22 Nov 2018 09:07:04 GMT" time="6.161" errors="0">
  <testcase name="ApiDemoPractice1" time="6.161" classname="com.calculator.demo.Scrolling_2"/>
  <testcase name="ApiDemoPractice" classname="com.calculator.demo.Scrolling_2">
    <skipped/>
  </testcase> <!-- ApiDemoPractice -->
</testsuite> <!-- com.calculator.demo.Scrolling_2 -->
