<?xml version="1.0" encoding="UTF-8"?>
<!-- Generated by org.testng.reporters.JUnitReportReporter -->
<testsuite skipped="0" hostname="DDC5-D-35KHH92" name="com.calculator.demo.CalculationDemo" tests="1" failures="0" timestamp="21 Nov 2018 09:44:40 GMT" time="3.826" errors="0">
  <testcase name="method" time="3.826" classname="com.calculator.demo.CalculationDemo"/>
</testsuite> <!-- com.calculator.demo.CalculationDemo -->
