<?xml version="1.0" encoding="UTF-8"?>
<!-- Generated by org.testng.reporters.JUnitReportReporter -->
<testsuite skipped="0" hostname="DDC5-D-35KHH92" name="com.calculator.demo.ApiDemo" tests="1" failures="0" timestamp="22 Nov 2018 04:39:40 GMT" time="0.012" errors="0">
  <testcase name="ApiDemoPractice" time="0.012" classname="com.calculator.demo.ApiDemo"/>
</testsuite> <!-- com.calculator.demo.ApiDemo -->
