<?xml version="1.0" encoding="UTF-8"?>
<!-- Generated by org.testng.reporters.JUnitReportReporter -->
<testsuite skipped="1" hostname="DDC5-D-35KHH92" name="com.calculator.demo.ScrollingDemo" tests="2" failures="0" timestamp="22 Nov 2018 05:53:47 GMT" time="5.263" errors="0">
  <testcase name="scrolling" time="5.263" classname="com.calculator.demo.ScrollingDemo"/>
  <testcase name="ApiDemoPractice" classname="com.calculator.demo.ScrollingDemo">
    <skipped/>
  </testcase> <!-- ApiDemoPractice -->
</testsuite> <!-- com.calculator.demo.ScrollingDemo -->
